2024-11-24T01:16:53.863+08:00  INFO 8224 --- [forwar-to-wealth] [SpringApplicationShutdownHook] j.LocalContainerEntityManagerFactoryBean : Closing JPA EntityManagerFactory for persistence unit 'default'
2024-11-24T01:16:53.902+08:00  INFO 8224 --- [forwar-to-wealth] [SpringApplicationShutdownHook] com.zaxxer.hikari.HikariDataSource       : HikariPool-1 - Shutdown initiated...
2024-11-24T01:16:53.906+08:00  INFO 8224 --- [forwar-to-wealth] [SpringApplicationShutdownHook] com.zaxxer.hikari.HikariDataSource       : HikariPool-1 - Shutdown completed.
2024-11-24T01:43:26.633+08:00  INFO 2128 --- [forwar-to-wealth] [main] com.wealth.demo.SpringbootApplication    : Starting SpringbootApplication using Java 21.0.5 with PID 2128 (C:\JavaProjects\forwar-to-wealth\forwar-to-wealth\target\classes started by jkl94 in C:\JavaProjects\forwar-to-wealth\forwar-to-wealth)
2024-11-24T01:43:26.635+08:00  INFO 2128 --- [forwar-to-wealth] [main] com.wealth.demo.SpringbootApplication    : No active profile set, falling back to 1 default profile: "default"
2024-11-24T01:43:27.235+08:00  INFO 2128 --- [forwar-to-wealth] [main] .s.d.r.c.RepositoryConfigurationDelegate : Bootstrapping Spring Data JPA repositories in DEFAULT mode.
2024-11-24T01:43:27.253+08:00  INFO 2128 --- [forwar-to-wealth] [main] .s.d.r.c.RepositoryConfigurationDelegate : Finished Spring Data repository scanning in 11 ms. Found 0 JPA repository interfaces.
2024-11-24T01:43:27.746+08:00  INFO 2128 --- [forwar-to-wealth] [main] o.s.b.w.embedded.tomcat.TomcatWebServer  : Tomcat initialized with port 8080 (http)
2024-11-24T01:43:27.763+08:00  INFO 2128 --- [forwar-to-wealth] [main] o.apache.catalina.core.StandardService   : Starting service [Tomcat]
2024-11-24T01:43:27.763+08:00  INFO 2128 --- [forwar-to-wealth] [main] o.apache.catalina.core.StandardEngine    : Starting Servlet engine: [Apache Tomcat/10.1.31]
2024-11-24T01:43:27.947+08:00  INFO 2128 --- [forwar-to-wealth] [main] org.apache.jasper.servlet.TldScanner     : At least one JAR was scanned for TLDs yet contained no TLDs. Enable debug logging for this logger for a complete list of JARs that were scanned but no TLDs were found in them. Skipping unneeded JARs during scanning can improve startup time and JSP compilation time.
2024-11-24T01:43:27.964+08:00  INFO 2128 --- [forwar-to-wealth] [main] o.a.c.c.C.[Tomcat].[localhost].[/]       : Initializing Spring embedded WebApplicationContext
2024-11-24T01:43:27.965+08:00  INFO 2128 --- [forwar-to-wealth] [main] w.s.c.ServletWebServerApplicationContext : Root WebApplicationContext: initialization completed in 1284 ms
2024-11-24T01:43:28.121+08:00  INFO 2128 --- [forwar-to-wealth] [main] o.hibernate.jpa.internal.util.LogHelper  : HHH000204: Processing PersistenceUnitInfo [name: default]
2024-11-24T01:43:28.173+08:00  INFO 2128 --- [forwar-to-wealth] [main] org.hibernate.Version                    : HHH000412: Hibernate ORM core version 6.5.3.Final
2024-11-24T01:43:28.208+08:00  INFO 2128 --- [forwar-to-wealth] [main] o.h.c.internal.RegionFactoryInitiator    : HHH000026: Second-level cache disabled
2024-11-24T01:43:28.467+08:00  INFO 2128 --- [forwar-to-wealth] [main] o.s.o.j.p.SpringPersistenceUnitInfo      : No LoadTimeWeaver setup: ignoring JPA class transformer
2024-11-24T01:43:28.490+08:00  INFO 2128 --- [forwar-to-wealth] [main] com.zaxxer.hikari.HikariDataSource       : HikariPool-1 - Starting...
2024-11-24T01:43:28.614+08:00  INFO 2128 --- [forwar-to-wealth] [main] com.zaxxer.hikari.pool.HikariPool        : HikariPool-1 - Added connection com.mysql.cj.jdbc.ConnectionImpl@6903ed0e
2024-11-24T01:43:28.615+08:00  INFO 2128 --- [forwar-to-wealth] [main] com.zaxxer.hikari.HikariDataSource       : HikariPool-1 - Start completed.
2024-11-24T01:43:29.322+08:00  INFO 2128 --- [forwar-to-wealth] [main] o.h.e.t.j.p.i.JtaPlatformInitiator       : HHH000489: No JTA platform available (set 'hibernate.transaction.jta.platform' to enable JTA platform integration)
2024-11-24T01:43:29.394+08:00  INFO 2128 --- [forwar-to-wealth] [main] j.LocalContainerEntityManagerFactoryBean : Initialized JPA EntityManagerFactory for persistence unit 'default'
2024-11-24T01:43:29.464+08:00  WARN 2128 --- [forwar-to-wealth] [main] JpaBaseConfiguration$JpaWebConfiguration : spring.jpa.open-in-view is enabled by default. Therefore, database queries may be performed during view rendering. Explicitly configure spring.jpa.open-in-view to disable this warning
2024-11-24T01:43:29.486+08:00  INFO 2128 --- [forwar-to-wealth] [main] o.s.b.a.w.s.WelcomePageHandlerMapping    : Adding welcome page: class path resource [static/index.html]
2024-11-24T01:43:29.812+08:00  INFO 2128 --- [forwar-to-wealth] [main] o.s.b.w.embedded.tomcat.TomcatWebServer  : Tomcat started on port 8080 (http) with context path '/'
2024-11-24T01:43:29.818+08:00  INFO 2128 --- [forwar-to-wealth] [main] com.wealth.demo.SpringbootApplication    : Started SpringbootApplication in 3.579 seconds (process running for 3.9)
2024-11-24T01:43:42.625+08:00  INFO 2128 --- [forwar-to-wealth] [SpringApplicationShutdownHook] j.LocalContainerEntityManagerFactoryBean : Closing JPA EntityManagerFactory for persistence unit 'default'
2024-11-24T01:43:42.626+08:00  INFO 2128 --- [forwar-to-wealth] [SpringApplicationShutdownHook] com.zaxxer.hikari.HikariDataSource       : HikariPool-1 - Shutdown initiated...
2024-11-24T01:43:42.632+08:00  INFO 2128 --- [forwar-to-wealth] [SpringApplicationShutdownHook] com.zaxxer.hikari.HikariDataSource       : HikariPool-1 - Shutdown completed.
